  20220302.cpp
  Core.cpp
d:\cpp_git\2dapi\20220302\20220302\core.cpp(40): warning C4838: 'float'에서 'LONG'(으)로의 변환에는 축소 변환이 필요합니다.
d:\cpp_git\2dapi\20220302\20220302\core.cpp(40): warning C4244: '초기화 중': 'float'에서 'LONG'(으)로 변환하면서 데이터가 손실될 수 있습니다.
d:\cpp_git\2dapi\20220302\20220302\core.cpp(50): warning C4244: '인수': 'float'에서 'int'(으)로 변환하면서 데이터가 손실될 수 있습니다.
  KeyMgr.cpp
  Missile.cpp
d:\cpp_git\2dapi\20220302\20220302\missile.cpp(19): warning C4305: '초기화 중': 'double'에서 'float'(으)로 잘립니다.
d:\cpp_git\2dapi\20220302\20220302\missile.cpp(53): warning C4244: '인수': 'float'에서 'int'(으)로 변환하면서 데이터가 손실될 수 있습니다.
d:\cpp_git\2dapi\20220302\20220302\missile.cpp(52): warning C4244: '인수': 'float'에서 'int'(으)로 변환하면서 데이터가 손실될 수 있습니다.
d:\cpp_git\2dapi\20220302\20220302\missile.cpp(51): warning C4244: '인수': 'float'에서 'int'(으)로 변환하면서 데이터가 손실될 수 있습니다.
d:\cpp_git\2dapi\20220302\20220302\missile.cpp(50): warning C4244: '인수': 'float'에서 'int'(으)로 변환하면서 데이터가 손실될 수 있습니다.
  PathMgr.cpp
d:\cpp_git\2dapi\20220302\20220302\pathmgr.cpp(32): warning C4267: '초기화 중': 'size_t'에서 'int'(으)로 변환하면서 데이터가 손실될 수 있습니다.
  Player.cpp
d:\cpp_git\2dapi\20220302\20220302\player.cpp(105): warning C4244: '인수': 'float'에서 'int'(으)로 변환하면서 데이터가 손실될 수 있습니다.
d:\cpp_git\2dapi\20220302\20220302\player.cpp(104): warning C4244: '인수': 'float'에서 'int'(으)로 변환하면서 데이터가 손실될 수 있습니다.
d:\cpp_git\2dapi\20220302\20220302\player.cpp(103): warning C4244: '인수': 'float'에서 'int'(으)로 변환하면서 데이터가 손실될 수 있습니다.
d:\cpp_git\2dapi\20220302\20220302\player.cpp(102): warning C4244: '인수': 'float'에서 'int'(으)로 변환하면서 데이터가 손실될 수 있습니다.
  ResMgr.cpp
  Scene.cpp
  SceneMgr.cpp
  Scene_Start.cpp
d:\cpp_git\2dapi\20220302\20220302\scene_start.cpp(41): warning C4244: '초기화 중': 'float'에서 'int'(으)로 변환하면서 데이터가 손실될 수 있습니다.
  Texture.cpp
  TimeMgr.cpp
  20220302.vcxproj -> D:\Cpp_Git\2dApi\20220302\Output\bin_debug\MyGame.exe
